C:\Program Files\Microsoft Visual Studio\2022\Community\MSBuild\Microsoft\VC\v170\Microsoft.CppBuild.targets(520,5): warning MSB8004: Output Directory does not end with a trailing slash.  This build instance will add the slash as it is required to allow proper evaluation of the Output Directory.
  p_client.c
C:\Users\vince\Desktop\School Code\NJIT\IT266\Quake 2\quake2-full\game\p_client.c(70,42): warning C4100: 'self': unreferenced formal parameter
C:\Users\vince\Desktop\School Code\NJIT\IT266\Quake 2\quake2-full\game\p_client.c(179,66): warning C4100: 'damage': unreferenced formal parameter
C:\Users\vince\Desktop\School Code\NJIT\IT266\Quake 2\quake2-full\game\p_client.c(179,56): warning C4100: 'kick': unreferenced formal parameter
C:\Users\vince\Desktop\School Code\NJIT\IT266\Quake 2\quake2-full\game\p_client.c(179,43): warning C4100: 'other': unreferenced formal parameter
C:\Users\vince\Desktop\School Code\NJIT\IT266\Quake 2\quake2-full\game\p_client.c(179,28): warning C4100: 'self': unreferenced formal parameter
C:\Users\vince\Desktop\School Code\NJIT\IT266\Quake 2\quake2-full\game\p_client.c(211,46): warning C4100: 'inflictor': unreferenced formal parameter
C:\Users\vince\Desktop\School Code\NJIT\IT266\Quake 2\quake2-full\game\p_client.c(501,91): warning C4100: 'point': unreferenced formal parameter
C:\Users\vince\Desktop\School Code\NJIT\IT266\Quake 2\quake2-full\game\p_client.c(629,3): warning C4996: 'strcpy': This function or variable may be unsafe. Consider using strcpy_s instead. To disable deprecation, use _CRT_SECURE_NO_WARNINGS. See online help for details.
C:\Users\vince\Desktop\School Code\NJIT\IT266\Quake 2\quake2-full\game\p_client.c(664,3): warning C4996: 'strcpy': This function or variable may be unsafe. Consider using strcpy_s instead. To disable deprecation, use _CRT_SECURE_NO_WARNINGS. See online help for details.
C:\Users\vince\Desktop\School Code\NJIT\IT266\Quake 2\quake2-full\game\p_client.c(685,3): warning C4996: 'strcpy': This function or variable may be unsafe. Consider using strcpy_s instead. To disable deprecation, use _CRT_SECURE_NO_WARNINGS. See online help for details.
C:\Users\vince\Desktop\School Code\NJIT\IT266\Quake 2\quake2-full\game\p_client.c(709,3): warning C4996: 'strcpy': This function or variable may be unsafe. Consider using strcpy_s instead. To disable deprecation, use _CRT_SECURE_NO_WARNINGS. See online help for details.
C:\Users\vince\Desktop\School Code\NJIT\IT266\Quake 2\quake2-full\game\p_client.c(751,5): warning C4996: 'strcpy': This function or variable may be unsafe. Consider using strcpy_s instead. To disable deprecation, use _CRT_SECURE_NO_WARNINGS. See online help for details.
C:\Users\vince\Desktop\School Code\NJIT\IT266\Quake 2\quake2-full\game\p_client.c(767,5): warning C4996: 'strcpy': This function or variable may be unsafe. Consider using strcpy_s instead. To disable deprecation, use _CRT_SECURE_NO_WARNINGS. See online help for details.
C:\Users\vince\Desktop\School Code\NJIT\IT266\Quake 2\quake2-full\game\p_client.c(781,5): warning C4996: 'strcpy': This function or variable may be unsafe. Consider using strcpy_s instead. To disable deprecation, use _CRT_SECURE_NO_WARNINGS. See online help for details.
C:\Users\vince\Desktop\School Code\NJIT\IT266\Quake 2\quake2-full\game\p_client.c(889,4): warning C4996: 'strcpy': This function or variable may be unsafe. Consider using strcpy_s instead. To disable deprecation, use _CRT_SECURE_NO_WARNINGS. See online help for details.
C:\Users\vince\Desktop\School Code\NJIT\IT266\Quake 2\quake2-full\game\p_client.c(940,2): warning C4996: 'strcpy': This function or variable may be unsafe. Consider using strcpy_s instead. To disable deprecation, use _CRT_SECURE_NO_WARNINGS. See online help for details.
C:\Users\vince\Desktop\School Code\NJIT\IT266\Quake 2\quake2-full\game\p_client.c(941,2): warning C4996: 'strcpy': This function or variable may be unsafe. Consider using strcpy_s instead. To disable deprecation, use _CRT_SECURE_NO_WARNINGS. See online help for details.
C:\Users\vince\Desktop\School Code\NJIT\IT266\Quake 2\quake2-full\game\p_client.c(942,2): warning C4996: 'strcpy': This function or variable may be unsafe. Consider using strcpy_s instead. To disable deprecation, use _CRT_SECURE_NO_WARNINGS. See online help for details.
C:\Users\vince\Desktop\School Code\NJIT\IT266\Quake 2\quake2-full\game\p_client.c(943,2): warning C4996: 'strcpy': This function or variable may be unsafe. Consider using strcpy_s instead. To disable deprecation, use _CRT_SECURE_NO_WARNINGS. See online help for details.
C:\Users\vince\Desktop\School Code\NJIT\IT266\Quake 2\quake2-full\game\p_client.c(944,2): warning C4996: 'strcpy': This function or variable may be unsafe. Consider using strcpy_s instead. To disable deprecation, use _CRT_SECURE_NO_WARNINGS. See online help for details.
C:\Users\vince\Desktop\School Code\NJIT\IT266\Quake 2\quake2-full\game\p_client.c(1002,2): warning C4996: 'strcpy': This function or variable may be unsafe. Consider using strcpy_s instead. To disable deprecation, use _CRT_SECURE_NO_WARNINGS. See online help for details.
C:\Users\vince\Desktop\School Code\NJIT\IT266\Quake 2\quake2-full\game\p_client.c(1012,2): warning C4996: 'strcpy': This function or variable may be unsafe. Consider using strcpy_s instead. To disable deprecation, use _CRT_SECURE_NO_WARNINGS. See online help for details.
C:\Users\vince\Desktop\School Code\NJIT\IT266\Quake 2\quake2-full\game\p_client.c(968,8): warning C4101: 'i': unreferenced local variable
C:\Users\vince\Desktop\School Code\NJIT\IT266\Quake 2\quake2-full\game\p_client.c(1317,89): warning C4100: 'point': unreferenced formal parameter
C:\Users\vince\Desktop\School Code\NJIT\IT266\Quake 2\quake2-full\game\p_client.c(1317,60): warning C4100: 'attacker': unreferenced formal parameter
C:\Users\vince\Desktop\School Code\NJIT\IT266\Quake 2\quake2-full\game\p_client.c(1317,40): warning C4100: 'inflictor': unreferenced formal parameter
C:\Users\vince\Desktop\School Code\NJIT\IT266\Quake 2\quake2-full\game\p_client.c(1756,3): warning C4996: 'strcpy': This function or variable may be unsafe. Consider using strcpy_s instead. To disable deprecation, use _CRT_SECURE_NO_WARNINGS. See online help for details.
C:\Users\vince\Desktop\School Code\NJIT\IT266\Quake 2\quake2-full\game\p_client.c(1761,2): warning C4996: 'strncpy': This function or variable may be unsafe. Consider using strncpy_s instead. To disable deprecation, use _CRT_SECURE_NO_WARNINGS. See online help for details.
C:\Users\vince\Desktop\School Code\NJIT\IT266\Quake 2\quake2-full\game\p_client.c(1801,2): warning C4996: 'strncpy': This function or variable may be unsafe. Consider using strncpy_s instead. To disable deprecation, use _CRT_SECURE_NO_WARNINGS. See online help for details.
C:\Users\vince\Desktop\School Code\NJIT\IT266\Quake 2\quake2-full\game\p_client.c(2194,6): warning C4996: 'strcpy': This function or variable may be unsafe. Consider using strcpy_s instead. To disable deprecation, use _CRT_SECURE_NO_WARNINGS. See online help for details.
C:\Users\vince\Desktop\School Code\NJIT\IT266\Quake 2\quake2-full\game\p_client.c(2210,4): warning C4996: 'strcpy': This function or variable may be unsafe. Consider using strcpy_s instead. To disable deprecation, use _CRT_SECURE_NO_WARNINGS. See online help for details.
     Creating library .\..\release\gamex86.lib and object .\..\release\gamex86.exp
  game.vcxproj -> C:\Users\vince\Desktop\School Code\NJIT\IT266\Quake 2\quake2-8.50\pokemon\gamex86.dll
